  Source.cpp
g:\3rd year\1st term\image processing\project\project2\project2\source.cpp(157): warning C4018: '<': signed/unsigned mismatch
g:\3rd year\1st term\image processing\project\project2\project2\source.cpp(169): warning C4018: '<': signed/unsigned mismatch
g:\3rd year\1st term\image processing\project\project2\project2\source.cpp(183): warning C4244: 'initializing': conversion from 'float' to 'int', possible loss of data
g:\3rd year\1st term\image processing\project\project2\project2\source.cpp(199): warning C4018: '<': signed/unsigned mismatch
g:\3rd year\1st term\image processing\project\project2\project2\source.cpp(208): warning C4018: '<': signed/unsigned mismatch
g:\3rd year\1st term\image processing\project\project2\project2\source.cpp(248): warning C4244: 'argument': conversion from 'double' to 'float', possible loss of data
g:\3rd year\1st term\image processing\project\project2\project2\source.cpp(439): warning C4018: '<': signed/unsigned mismatch
g:\3rd year\1st term\image processing\project\project2\project2\source.cpp(443): warning C4244: '=': conversion from 'double' to 'int', possible loss of data
g:\3rd year\1st term\image processing\project\project2\project2\source.cpp(444): warning C4244: '=': conversion from 'double' to 'int', possible loss of data
g:\3rd year\1st term\image processing\project\project2\project2\source.cpp(445): warning C4244: 'argument': conversion from 'double' to 'int', possible loss of data
g:\3rd year\1st term\image processing\project\project2\project2\source.cpp(467): warning C4244: 'initializing': conversion from 'double' to 'int', possible loss of data
g:\3rd year\1st term\image processing\project\project2\project2\source.cpp(474): warning C4244: 'initializing': conversion from 'double' to 'int', possible loss of data
g:\3rd year\1st term\image processing\project\project2\project2\source.cpp(475): warning C4244: 'initializing': conversion from 'double' to 'int', possible loss of data
g:\3rd year\1st term\image processing\project\project2\project2\source.cpp(508): warning C4018: '<': signed/unsigned mismatch
g:\3rd year\1st term\image processing\project\project2\project2\source.cpp(510): warning C4244: 'argument': conversion from 'double' to 'int', possible loss of data
g:\3rd year\1st term\image processing\project\project2\project2\source.cpp(535): warning C4244: 'argument': conversion from 'double' to 'int', possible loss of data
g:\3rd year\1st term\image processing\project\project2\project2\source.cpp(546): warning C4244: '=': conversion from 'double' to 'int', possible loss of data
g:\3rd year\1st term\image processing\project\project2\project2\source.cpp(550): warning C4244: 'argument': conversion from 'double' to 'int', possible loss of data
g:\3rd year\1st term\image processing\project\project2\project2\source.cpp(553): warning C4244: '=': conversion from 'double' to 'float', possible loss of data
g:\3rd year\1st term\image processing\project\project2\project2\source.cpp(554): warning C4244: '=': conversion from 'double' to 'float', possible loss of data
g:\3rd year\1st term\image processing\project\project2\project2\source.cpp(556): warning C4244: 'argument': conversion from 'double' to 'int', possible loss of data
g:\3rd year\1st term\image processing\project\project2\project2\source.cpp(605): warning C4309: '=': truncation of constant value
g:\3rd year\1st term\image processing\project\project2\project2\source.cpp(610): warning C4309: '=': truncation of constant value
g:\3rd year\1st term\image processing\project\project2\project2\source.cpp(625): warning C4244: 'argument': conversion from 'double' to 'int', possible loss of data
g:\3rd year\1st term\image processing\project\project2\project2\source.cpp(625): warning C4309: '=': truncation of constant value
g:\3rd year\1st term\image processing\project\project2\project2\source.cpp(626): warning C4244: 'argument': conversion from 'double' to 'int', possible loss of data
g:\3rd year\1st term\image processing\project\project2\project2\source.cpp(626): warning C4309: '=': truncation of constant value
g:\3rd year\1st term\image processing\project\project2\project2\source.cpp(627): warning C4244: 'argument': conversion from 'double' to 'int', possible loss of data
g:\3rd year\1st term\image processing\project\project2\project2\source.cpp(627): warning C4309: '=': truncation of constant value
  Project2.vcxproj -> G:\3rd year\1st term\image processing\project\Project2\Debug\Project2.exe
